<?xml version="1.0" encoding="UTF-8"?>
<!-- Generated by org.testng.reporters.JUnitReportReporter -->
<testsuite skipped="2" hostname="DESKTOP-987SG1D" name="Testcases.Google_17_GoogleSettingVerifyTest" tests="2" failures="0" timestamp="2020-01-09T11:24:31 IST" time="0.000" errors="0">
  <testcase name="checkSettingpageTest" time="0.000" classname="Testcases.Google_17_GoogleSettingVerifyTest">
    <skipped/>
  </testcase> <!-- checkSettingpageTest -->
  <testcase name="checkSettingpageTest" time="0.000" classname="Testcases.Google_17_GoogleSettingVerifyTest">
    <skipped/>
  </testcase> <!-- checkSettingpageTest -->
</testsuite> <!-- Testcases.Google_17_GoogleSettingVerifyTest -->
