<?xml version="1.0" encoding="UTF-8"?>
<!-- Generated by org.testng.reporters.JUnitReportReporter -->
<testsuite skipped="2" hostname="DESKTOP-987SG1D" name="Testcases.Google_16_MailwithAttachmentTest" tests="2" failures="0" timestamp="2020-01-09T11:24:31 IST" time="0.000" errors="0">
  <testcase name="mailattachmentTest" time="0.000" classname="Testcases.Google_16_MailwithAttachmentTest">
    <skipped/>
  </testcase> <!-- mailattachmentTest -->
  <testcase name="mailattachmentTest" time="0.000" classname="Testcases.Google_16_MailwithAttachmentTest">
    <skipped/>
  </testcase> <!-- mailattachmentTest -->
</testsuite> <!-- Testcases.Google_16_MailwithAttachmentTest -->
