<?xml version="1.0" encoding="UTF-8"?>
<!-- Generated by org.testng.reporters.JUnitReportReporter -->
<testsuite skipped="0" hostname="DESKTOP-987SG1D" name="Testcases.Google_12_ReadEmailTest" tests="2" failures="0" timestamp="2020-01-10T15:15:47 IST" time="124.669" errors="0">
  <testcase name="checkReademails" time="58.852" classname="Testcases.Google_12_ReadEmailTest"/>
  <testcase name="checkReademails" time="65.817" classname="Testcases.Google_12_ReadEmailTest"/>
</testsuite> <!-- Testcases.Google_12_ReadEmailTest -->
