<?xml version="1.0" encoding="UTF-8"?>
<!-- Generated by org.testng.reporters.JUnitReportReporter -->
<testsuite skipped="2" hostname="DESKTOP-987SG1D" name="Testcases.Google_03_YoutubeTest" tests="2" failures="0" timestamp="2020-01-09T11:24:32 IST" time="0.000" errors="0">
  <testcase name="verifyYouTubesearchbox" time="0.000" classname="Testcases.Google_03_YoutubeTest">
    <skipped/>
  </testcase> <!-- verifyYouTubesearchbox -->
  <testcase name="verifyTitalYouTube" time="0.000" classname="Testcases.Google_03_YoutubeTest">
    <skipped/>
  </testcase> <!-- verifyTitalYouTube -->
</testsuite> <!-- Testcases.Google_03_YoutubeTest -->
