<?xml version="1.0" encoding="UTF-8"?>
<!-- Generated by org.testng.reporters.JUnitReportReporter -->
<testsuite skipped="0" hostname="DESKTOP-987SG1D" name="Testcases.Google_05_HindiTest" tests="1" failures="0" timestamp="2020-01-10T14:48:08 IST" time="17.272" errors="0">
  <testcase name="checkGooglePageinHindiLanguage" time="17.272" classname="Testcases.Google_05_HindiTest"/>
</testsuite> <!-- Testcases.Google_05_HindiTest -->
