<?xml version="1.0" encoding="UTF-8"?>
<!-- Generated by org.testng.reporters.JUnitReportReporter -->
<testsuite skipped="2" hostname="DESKTOP-987SG1D" name="Testcases.Google_15_GmailSearchTest" tests="2" failures="0" timestamp="2020-01-09T11:24:31 IST" time="0.000" errors="0">
  <testcase name="gmailsearchboxTest" time="0.000" classname="Testcases.Google_15_GmailSearchTest">
    <skipped/>
  </testcase> <!-- gmailsearchboxTest -->
  <testcase name="gmailsearchboxTest" time="0.000" classname="Testcases.Google_15_GmailSearchTest">
    <skipped/>
  </testcase> <!-- gmailsearchboxTest -->
</testsuite> <!-- Testcases.Google_15_GmailSearchTest -->
