<?xml version="1.0" encoding="UTF-8"?>
<!-- Generated by org.testng.reporters.JUnitReportReporter -->
<testsuite skipped="2" hostname="DESKTOP-987SG1D" name="Testcases.Google_20_GmailSignOutTest" tests="2" failures="0" timestamp="2020-01-09T11:24:31 IST" time="0.000" errors="0">
  <testcase name="gmailsignoutTest" time="0.000" classname="Testcases.Google_20_GmailSignOutTest">
    <skipped/>
  </testcase> <!-- gmailsignoutTest -->
  <testcase name="gmailsignoutTest" time="0.000" classname="Testcases.Google_20_GmailSignOutTest">
    <skipped/>
  </testcase> <!-- gmailsignoutTest -->
</testsuite> <!-- Testcases.Google_20_GmailSignOutTest -->
