<?xml version="1.0" encoding="UTF-8"?>
<!-- Generated by org.testng.reporters.JUnitReportReporter -->
<testsuite skipped="2" hostname="DESKTOP-987SG1D" name="Testcases.Google_13_GmailComposeVerifyTest" tests="2" failures="0" timestamp="2020-01-09T11:24:31 IST" time="0.001" errors="0">
  <testcase name="gmailcomposeTest" time="0.001" classname="Testcases.Google_13_GmailComposeVerifyTest">
    <skipped/>
  </testcase> <!-- gmailcomposeTest -->
  <testcase name="gmailcomposeTest" time="0.000" classname="Testcases.Google_13_GmailComposeVerifyTest">
    <skipped/>
  </testcase> <!-- gmailcomposeTest -->
</testsuite> <!-- Testcases.Google_13_GmailComposeVerifyTest -->
