<?xml version="1.0" encoding="UTF-8"?>
<!-- Generated by org.testng.reporters.JUnitReportReporter -->
<testsuite skipped="1" hostname="DESKTOP-987SG1D" name="Testcases.Google_06_Test" tests="1" failures="0" timestamp="2020-01-09T11:24:31 IST" time="0.000" errors="0">
  <testcase name="googleTest" time="0.000" classname="Testcases.Google_06_Test">
    <skipped/>
  </testcase> <!-- googleTest -->
</testsuite> <!-- Testcases.Google_06_Test -->
