<?xml version="1.0" encoding="UTF-8"?>
<!-- Generated by org.testng.reporters.JUnitReportReporter -->
<testsuite skipped="1" hostname="DESKTOP-987SG1D" name="Testcases.Google_09_GmailAccountVerifyTest" tests="1" failures="0" timestamp="2020-01-09T11:24:31 IST" time="0.000" errors="0">
  <testcase name="checkgmail" time="0.000" classname="Testcases.Google_09_GmailAccountVerifyTest">
    <skipped/>
  </testcase> <!-- checkgmail -->
</testsuite> <!-- Testcases.Google_09_GmailAccountVerifyTest -->
