<?xml version="1.0" encoding="UTF-8"?>
<!-- Generated by org.testng.reporters.JUnitReportReporter -->
<testsuite skipped="2" hostname="DESKTOP-987SG1D" name="Testcases.Google_19_GmailMovePageTest" tests="2" failures="0" timestamp="2020-01-09T11:24:32 IST" time="0.000" errors="0">
  <testcase name="checklabel" time="0.000" classname="Testcases.Google_19_GmailMovePageTest">
    <skipped/>
  </testcase> <!-- checklabel -->
  <testcase name="checklabel" time="0.000" classname="Testcases.Google_19_GmailMovePageTest">
    <skipped/>
  </testcase> <!-- checklabel -->
</testsuite> <!-- Testcases.Google_19_GmailMovePageTest -->
