<?xml version="1.0" encoding="UTF-8"?>
<!-- Generated by org.testng.reporters.JUnitReportReporter -->
<testsuite skipped="0" hostname="DESKTOP-987SG1D" name="Testcases.Google_01_PageTest" tests="4" failures="0" timestamp="2020-01-10T15:20:32 IST" time="32.661" errors="0">
  <testcase name="verifySearchBox" time="9.626" classname="Testcases.Google_01_PageTest"/>
  <testcase name="verifySearchbtn" time="8.142" classname="Testcases.Google_01_PageTest"/>
  <testcase name="verifySearchluckybtn" time="7.172" classname="Testcases.Google_01_PageTest"/>
  <testcase name="verifylogo" time="7.721" classname="Testcases.Google_01_PageTest"/>
</testsuite> <!-- Testcases.Google_01_PageTest -->
