<?xml version="1.0" encoding="UTF-8"?>
<!-- Generated by org.testng.reporters.JUnitReportReporter -->
<testsuite skipped="33" hostname="DESKTOP-987SG1D" name="Testcases.Google_08_ProductWebTest" tests="33" failures="0" timestamp="2020-01-09T11:24:31 IST" time="0.000" errors="0">
  <testcase name="websearchproductTest" time="0.000" classname="Testcases.Google_08_ProductWebTest">
    <skipped/>
  </testcase> <!-- websearchproductTest -->
  <testcase name="webchromeproductTest" time="0.000" classname="Testcases.Google_08_ProductWebTest">
    <skipped/>
  </testcase> <!-- webchromeproductTest -->
  <testcase name="bookmarksproductTest" time="0.000" classname="Testcases.Google_08_ProductWebTest">
    <skipped/>
  </testcase> <!-- bookmarksproductTest -->
  <testcase name="googlemobileTest" time="0.000" classname="Testcases.Google_08_ProductWebTest">
    <skipped/>
  </testcase> <!-- googlemobileTest -->
  <testcase name="googlemapsformobileTest" time="0.000" classname="Testcases.Google_08_ProductWebTest">
    <skipped/>
  </testcase> <!-- googlemapsformobileTest -->
  <testcase name="googlesearchformobileTest" time="0.000" classname="Testcases.Google_08_ProductWebTest">
    <skipped/>
  </testcase> <!-- googlesearchformobileTest -->
  <testcase name="googleadwordsTest" time="0.000" classname="Testcases.Google_08_ProductWebTest">
    <skipped/>
  </testcase> <!-- googleadwordsTest -->
  <testcase name="googleappsforworksTest" time="0.000" classname="Testcases.Google_08_ProductWebTest">
    <skipped/>
  </testcase> <!-- googleappsforworksTest -->
  <testcase name="googleadsenseTest" time="0.000" classname="Testcases.Google_08_ProductWebTest">
    <skipped/>
  </testcase> <!-- googleadsenseTest -->
  <testcase name="googleadmobTest" time="0.000" classname="Testcases.Google_08_ProductWebTest">
    <skipped/>
  </testcase> <!-- googleadmobTest -->
  <testcase name="googleyoutubeTest" time="0.000" classname="Testcases.Google_08_ProductWebTest">
    <skipped/>
  </testcase> <!-- googleyoutubeTest -->
  <testcase name="googlebooksTest" time="0.000" classname="Testcases.Google_08_ProductWebTest">
    <skipped/>
  </testcase> <!-- googlebooksTest -->
  <testcase name="googleimagesearchTest" time="0.000" classname="Testcases.Google_08_ProductWebTest">
    <skipped/>
  </testcase> <!-- googleimagesearchTest -->
  <testcase name="googlenewsTest" time="0.000" classname="Testcases.Google_08_ProductWebTest">
    <skipped/>
  </testcase> <!-- googlenewsTest -->
  <testcase name="googlevideosearchTest" time="0.000" classname="Testcases.Google_08_ProductWebTest">
    <skipped/>
  </testcase> <!-- googlevideosearchTest -->
  <testcase name="googlepicasaTest" time="0.000" classname="Testcases.Google_08_ProductWebTest">
    <skipped/>
  </testcase> <!-- googlepicasaTest -->
  <testcase name="googlemapsTest" time="0.000" classname="Testcases.Google_08_ProductWebTest">
    <skipped/>
  </testcase> <!-- googlemapsTest -->
  <testcase name="googleearthTest" time="0.000" classname="Testcases.Google_08_ProductWebTest">
    <skipped/>
  </testcase> <!-- googleearthTest -->
  <testcase name="googlepanoramioTest" time="0.000" classname="Testcases.Google_08_ProductWebTest">
    <skipped/>
  </testcase> <!-- googlepanoramioTest -->
  <testcase name="googlescholarTest" time="0.000" classname="Testcases.Google_08_ProductWebTest">
    <skipped/>
  </testcase> <!-- googlescholarTest -->
  <testcase name="googletrendsTest" time="0.000" classname="Testcases.Google_08_ProductWebTest">
    <skipped/>
  </testcase> <!-- googletrendsTest -->
  <testcase name="googlegmailTest" time="0.000" classname="Testcases.Google_08_ProductWebTest">
    <skipped/>
  </testcase> <!-- googlegmailTest -->
  <testcase name="googledriveTest" time="0.000" classname="Testcases.Google_08_ProductWebTest">
    <skipped/>
  </testcase> <!-- googledriveTest -->
  <testcase name="googlesheetsTest" time="0.000" classname="Testcases.Google_08_ProductWebTest">
    <skipped/>
  </testcase> <!-- googlesheetsTest -->
  <testcase name="googleformsTest" time="0.000" classname="Testcases.Google_08_ProductWebTest">
    <skipped/>
  </testcase> <!-- googleformsTest -->
  <testcase name="googlesalesTest" time="0.000" classname="Testcases.Google_08_ProductWebTest">
    <skipped/>
  </testcase> <!-- googlesalesTest -->
  <testcase name="googlecalendarTest" time="0.000" classname="Testcases.Google_08_ProductWebTest">
    <skipped/>
  </testcase> <!-- googlecalendarTest -->
  <testcase name="googletranslateTest" time="0.000" classname="Testcases.Google_08_ProductWebTest">
    <skipped/>
  </testcase> <!-- googletranslateTest -->
  <testcase name="googlecloudprintTest" time="0.000" classname="Testcases.Google_08_ProductWebTest">
    <skipped/>
  </testcase> <!-- googlecloudprintTest -->
  <testcase name="googlekeepsTest" time="0.000" classname="Testcases.Google_08_ProductWebTest">
    <skipped/>
  </testcase> <!-- googlekeepsTest -->
  <testcase name="googlestoreTest" time="0.000" classname="Testcases.Google_08_ProductWebTest">
    <skipped/>
  </testcase> <!-- googlestoreTest -->
  <testcase name="googlebloggersTest" time="0.000" classname="Testcases.Google_08_ProductWebTest">
    <skipped/>
  </testcase> <!-- googlebloggersTest -->
  <testcase name="googlehangoutsTest" time="0.000" classname="Testcases.Google_08_ProductWebTest">
    <skipped/>
  </testcase> <!-- googlehangoutsTest -->
</testsuite> <!-- Testcases.Google_08_ProductWebTest -->
