<?xml version="1.0" encoding="UTF-8"?>
<!-- Generated by org.testng.reporters.JUnitReportReporter -->
<testsuite skipped="1" hostname="DESKTOP-987SG1D" name="Testcases.Google_03_translateTest" tests="1" failures="0" timestamp="2020-01-09T11:24:31 IST" time="0.000" errors="0">
  <testcase name="verifyTranslatefun" time="0.000" classname="Testcases.Google_03_translateTest">
    <skipped/>
  </testcase> <!-- verifyTranslatefun -->
</testsuite> <!-- Testcases.Google_03_translateTest -->
