<?xml version="1.0" encoding="UTF-8"?>
<!-- Generated by org.testng.reporters.JUnitReportReporter -->
<testsuite skipped="3" hostname="DESKTOP-987SG1D" name="Testcases.Google_03_DriveTest" tests="3" failures="0" timestamp="2020-01-09T11:24:31 IST" time="0.000" errors="0">
  <testcase name="verifyGoogleMeetdrive" time="0.000" classname="Testcases.Google_03_DriveTest">
    <skipped/>
  </testcase> <!-- verifyGoogleMeetdrive -->
  <testcase name="verifyGooglgotoDrive" time="0.000" classname="Testcases.Google_03_DriveTest">
    <skipped/>
  </testcase> <!-- verifyGooglgotoDrive -->
  <testcase name="verifyGoogleusingDrive" time="0.000" classname="Testcases.Google_03_DriveTest">
    <skipped/>
  </testcase> <!-- verifyGoogleusingDrive -->
</testsuite> <!-- Testcases.Google_03_DriveTest -->
